<?xml version="1.0" encoding="UTF-8"?>
<testsuite xmlns:xsi="http://www.w3.org/2001/XMLSchema-instance" xsi:noNamespaceSchemaLocation="https://maven.apache.org/surefire/maven-surefire-plugin/xsd/surefire-test-report-3.0.xsd" version="3.0" name="com.iut.banque.test.modele.TestsCompte" time="0.001" tests="11" errors="0" skipped="0" failures="0">
  <properties>
[...]
</properties>
  <testcase name="testConstruireCompteAvecFormatNumeroCompteIncorrect" classname="com.iut.banque.test.modele.TestsCompte" time="0"/>
  <testcase name="testMethodeCheckFormatNumeroCompteCorrect" classname="com.iut.banque.test.modele.TestsCompte" time="0"/>
  <testcase name="testMethodeCheckFormatNumeroCompteAvecTroisLettresAuDebut" classname="com.iut.banque.test.modele.TestsCompte" time="0"/>
  <testcase name="testCrediterCompte" classname="com.iut.banque.test.modele.TestsCompte" time="0"/>
  <testcase name="testMethodeCheckFormatNumeroCompteAvecUneSeuleLettreAuDebut" classname="com.iut.banque.test.modele.TestsCompte" time="0"/>
  <testcase name="testMethodeCheckFormatNumeroCompteAucuneLettreAuDebut" classname="com.iut.banque.test.modele.TestsCompte" time="0"/>
  <testcase name="testMethodeCheckFormatNumeroCompteAvecLettresALaFin" classname="com.iut.banque.test.modele.TestsCompte" time="0"/>
  <testcase name="testMethodeCheckFormatNumeroCompteAvecLettresAuMillieu" classname="com.iut.banque.test.modele.TestsCompte" time="0"/>
  <testcase name="testMethodeCheckFormatNumeroCompteAvecMoinsDeChiffresQueAttendu" classname="com.iut.banque.test.modele.TestsCompte" time="0"/>
  <testcase name="testCrediterCompteMontantNegatif" classname="com.iut.banque.test.modele.TestsCompte" time="0"/>
  <testcase name="testMethodeCheckFormatNumeroCompteAvecPlusDeChiffresQueAttendu" classname="com.iut.banque.test.modele.TestsCompte" time="0"/>
</testsuite>